<?xml version="1.0" encoding="UTF-8"?>
<!-- Generated by org.testng.reporters.JUnitReportReporter -->
<testsuite hostname="INLN56579654A" name="codoingRound.HotelBookingTest" tests="1" failures="0" timestamp="28 Jul 2019 14:35:10 GMT" time="20.830" errors="0">
  <testcase name="shouldBeAbleToSearchForHotels" time="20.830" classname="codoingRound.HotelBookingTest"/>
</testsuite> <!-- codoingRound.HotelBookingTest -->
