<?xml version="1.0" encoding="UTF-8"?>
<!-- Generated by org.testng.reporters.JUnitReportReporter -->
<testsuite hostname="INLN56579654A" name="codoingRound.SignInTest" tests="1" failures="0" timestamp="28 Jul 2019 18:21:03 GMT" time="13.028" errors="0">
  <testcase name="shouldThrowAnErrorIfSignInDetailsAreMissing" time="13.028" classname="codoingRound.SignInTest"/>
</testsuite> <!-- codoingRound.SignInTest -->
